<?xml version="1.0" encoding="UTF-8"?>
<!-- Generated by org.testng.reporters.JUnitXMLReporter -->
<testsuite hostname="Angies" ignored="0" name="Slider/Filters" tests="4" failures="0" timestamp="05 Apr 2019 18:36:09 GMT" time="379.884" errors="0">
  <testcase name="@BeforeTest setUp" time="360.447" classname="suite.UAT_Sign_Up_Fail_Test">
    <failure type="org.openqa.selenium.WebDriverException" message="Unable to parse remote response: Error - Socket timed out after 6 minutes">
      <![CDATA[org.openqa.selenium.WebDriverException: Unable to parse remote response: Error - Socket timed out after 6 minutes
at org.openqa.selenium.remote.ProtocolHandshake.createSession(ProtocolHandshake.java:115)
at org.openqa.selenium.remote.ProtocolHandshake.createSession(ProtocolHandshake.java:74)
at org.openqa.selenium.remote.HttpCommandExecutor.execute(HttpCommandExecutor.java:136)
at org.openqa.selenium.remote.RemoteWebDriver.execute(RemoteWebDriver.java:552)
at org.openqa.selenium.remote.RemoteWebDriver.startSession(RemoteWebDriver.java:213)
at org.openqa.selenium.remote.RemoteWebDriver.<init>(RemoteWebDriver.java:131)
at org.openqa.selenium.remote.RemoteWebDriver.<init>(RemoteWebDriver.java:144)
at suite.UAT_Sign_Up_Fail_Test.setUp(UAT_Sign_Up_Fail_Test.java:42)
Caused by: org.openqa.selenium.json.JsonException: Unable to determine type from: E. Last 1 characters read: E
Build info: version: '3.141.59', revision: 'e82be7d358', time: '2018-11-14T08:25:48'
System info: host: 'ANGIES', ip: '10.195.203.44', os.name: 'Windows 10', os.arch: 'amd64', os.version: '10.0', java.version: '1.8.0_191'
Driver info: driver.version: RemoteWebDriver
at org.openqa.selenium.json.JsonInput.peek(JsonInput.java:122)
at org.openqa.selenium.json.JsonTypeCoercer.lambda$null$6(JsonTypeCoercer.java:140)
at org.openqa.selenium.json.JsonTypeCoercer.coerce(JsonTypeCoercer.java:126)
at org.openqa.selenium.json.Json.toType(Json.java:69)
at org.openqa.selenium.json.Json.toType(Json.java:55)
at org.openqa.selenium.json.Json.toType(Json.java:50)
at org.openqa.selenium.remote.ProtocolHandshake.createSession(ProtocolHandshake.java:112)
... 31 more
... Removed 24 stack frames]]>
    </failure>
  </testcase> <!-- @BeforeTest setUp -->
  <testcase name="@BeforeTest setUp" time="0.0" classname="suite.UAT_Sign_Up_Pass_Test">
    <skipped/>
  </testcase> <!-- @BeforeTest setUp -->
  <testcase name="@AfterTest tearDown" time="0.0" classname="suite.UAT_Filter_Slider_Fail_Test">
    <skipped/>
  </testcase> <!-- @AfterTest tearDown -->
  <testcase name="@AfterTest tearDown" time="0.0" classname="suite.UAT_Filter_Slider_Pass_Test">
    <skipped/>
  </testcase> <!-- @AfterTest tearDown -->
  <testcase name="@AfterTest tearDown" time="0.0" classname="suite.UAT_Sign_Up_Fail_Test">
    <skipped/>
  </testcase> <!-- @AfterTest tearDown -->
  <testcase name="@AfterTest tearDown" time="0.0" classname="suite.UAT_Sign_Up_Pass_Test">
    <skipped/>
  </testcase> <!-- @AfterTest tearDown -->
  <testcase name="testToDo" time="0.0" classname="suite.UAT_Filter_Slider_Fail_Test">
    <skipped/>
  </testcase> <!-- testToDo -->
  <testcase name="testToDo" time="0.0" classname="suite.UAT_Filter_Slider_Pass_Test">
    <skipped/>
  </testcase> <!-- testToDo -->
  <testcase name="testToDo" time="0.0" classname="suite.UAT_Sign_Up_Pass_Test">
    <skipped/>
  </testcase> <!-- testToDo -->
  <testcase name="testToDo" time="0.0" classname="suite.UAT_Sign_Up_Fail_Test">
    <skipped/>
  </testcase> <!-- testToDo -->
</testsuite> <!-- Slider/Filters -->
