<?xml version="1.0" encoding="UTF-8"?>
<!-- Generated by org.testng.reporters.JUnitXMLReporter -->
<testsuite hostname="Angies" ignored="0" name="Sign Slider Fail" tests="1" failures="1" timestamp="08 Apr 2019 19:50:11 GMT" time="27.751" errors="0">
  <testcase name="testToDo" time="17.986" classname="suite.UAT_Filter_Slider_Fail_Test">
    <failure type="java.lang.AssertionError" message="expected [Here are more vehicles available in your area] but found [Here are more vehicles available in your area:]">
      <![CDATA[java.lang.AssertionError: expected [Here are more vehicles available in your area] but found [Here are more vehicles available in your area:]
at suite.UAT_Filter_Slider_Fail_Test.testToDo(UAT_Filter_Slider_Fail_Test.java:94)
at java.util.concurrent.FutureTask.run(FutureTask.java:266)
at java.util.concurrent.ThreadPoolExecutor.runWorker(ThreadPoolExecutor.java:1149)
at java.util.concurrent.ThreadPoolExecutor$Worker.run(ThreadPoolExecutor.java:624)
at java.lang.Thread.run(Thread.java:748)
... Removed 22 stack frames]]>
    </failure>
  </testcase> <!-- testToDo -->
</testsuite> <!-- Sign Slider Fail -->
